[INFO ] 2019-03-27 12:00:13.197 [restartedMain] RnpApplication - The following profiles are active: development
[INFO ] 2019-03-27 12:01:48.179 [restartedMain] StartUpListener - > Record already exist <
[INFO ] 2019-03-27 12:01:48.381 [restartedMain] StartUpListener - INIT APPLICATION'S CLIENT ALREADY EXISTS
[INFO ] 2019-03-27 12:01:48.532 [restartedMain] RnpApplication - Started RnpApplication in 132.108 seconds (JVM running for 174.681)
[INFO ] 2019-03-27 12:03:56.107 [http-nio-8080-exec-3] AspectController - CaptchaController.initCaptchaImagen() method called.
[INFO ] 2019-03-27 12:04:18.253 [http-nio-8080-exec-7] AspectController - ProveedorController.obtenerOpciones(..) method called.
[INFO ] 2019-03-27 12:04:25.170 [http-nio-8080-exec-9] AspectController - ProveedorController.obtenerDireccionCorreo(..) method called.
[INFO ] 2019-03-27 12:04:45.830 [http-nio-8080-exec-10] AspectController - ProveedorController.enviarCorreo(..) method called.
[INFO ] 2019-03-27 12:16:48.693 [http-nio-8080-exec-4] AspectController - SeguridadController.validarCodVerificacion(..) method called.
[INFO ] 2019-03-27 12:17:36.366 [http-nio-8080-exec-7] AspectController - SeguridadController.actualizarClaveProveedor(..) method called.
[INFO ] 2019-03-27 12:18:04.911 [http-nio-8080-exec-9] AspectController - CaptchaController.initCaptchaImagen() method called.
[INFO ] 2019-03-27 12:19:20.428 [http-nio-8080-exec-1] AspectController - SeguridadController.login(..) method called.
[INFO ] 2019-03-27 12:32:24.428 [http-nio-8080-exec-7] AspectController - CaptchaController.initCaptchaImagen() method called.
[INFO ] 2019-03-27 12:32:49.716 [http-nio-8080-exec-9] AspectController - ProveedorController.obtenerOpciones(..) method called.
[INFO ] 2019-03-27 12:32:54.417 [http-nio-8080-exec-10] AspectController - ProveedorController.obtenerDireccionCorreo(..) method called.
[INFO ] 2019-03-27 12:33:07.721 [http-nio-8080-exec-1] AspectController - CaptchaController.initCaptchaImagen() method called.
[INFO ] 2019-03-27 12:33:46.921 [http-nio-8080-exec-5] AspectController - CaptchaController.initCaptchaImagen() method called.
[INFO ] 2019-03-27 12:33:57.155 [http-nio-8080-exec-8] AspectController - ProveedorController.obtenerOpciones(..) method called.
[INFO ] 2019-03-27 12:33:59.845 [http-nio-8080-exec-6] AspectController - ProveedorController.obtenerDireccionCorreo(..) method called.
[INFO ] 2019-03-27 12:35:46.574 [http-nio-8080-exec-2] AspectController - CaptchaController.initCaptchaImagen() method called.
[INFO ] 2019-03-27 12:36:16.532 [http-nio-8080-exec-4] AspectController - CaptchaController.initCaptchaImagen() method called.
[INFO ] 2019-03-27 12:36:20.810 [http-nio-8080-exec-3] AspectController - ProveedorController.obtenerOpciones(..) method called.
[INFO ] 2019-03-27 12:36:23.367 [http-nio-8080-exec-5] AspectController - ProveedorController.obtenerDireccionCorreo(..) method called.
[INFO ] 2019-03-27 12:37:20.684 [http-nio-8080-exec-8] AspectController - CaptchaController.initCaptchaImagen() method called.
[INFO ] 2019-03-27 12:41:00.600 [http-nio-8080-exec-10] AspectController - CaptchaController.initCaptchaImagen() method called.
[INFO ] 2019-03-27 12:41:22.381 [http-nio-8080-exec-1] AspectController - CaptchaController.initCaptchaImagen() method called.
[INFO ] 2019-03-27 12:43:32.084 [http-nio-8080-exec-4] AspectController - CaptchaController.initCaptchaImagen() method called.
[INFO ] 2019-03-27 12:43:36.292 [http-nio-8080-exec-3] AspectController - CaptchaController.initCaptchaImagen() method called.
[INFO ] 2019-03-27 12:48:18.961 [http-nio-8080-exec-8] AspectController - CaptchaController.initCaptchaImagen() method called.
[INFO ] 2019-03-27 12:49:03.908 [http-nio-8080-exec-10] AspectController - CaptchaController.initCaptchaImagen() method called.
[INFO ] 2019-03-27 12:51:34.179 [http-nio-8080-exec-2] AspectController - CaptchaController.initCaptchaImagen() method called.
[INFO ] 2019-03-27 12:51:53.726 [http-nio-8080-exec-3] AspectController - CaptchaController.initCaptchaImagen() method called.
[INFO ] 2019-03-27 12:52:14.746 [http-nio-8080-exec-7] AspectController - ProveedorController.obtenerOpciones(..) method called.
[INFO ] 2019-03-27 12:52:16.579 [http-nio-8080-exec-9] AspectController - ProveedorController.obtenerDireccionCorreo(..) method called.
[INFO ] 2019-03-27 12:52:37.414 [http-nio-8080-exec-6] AspectController - CaptchaController.initCaptchaImagen() method called.
[INFO ] 2019-03-27 12:52:58.055 [http-nio-8080-exec-1] AspectController - ProveedorController.obtenerDireccionCorreo(..) method called.
[INFO ] 2019-03-27 12:53:29.865 [http-nio-8080-exec-2] AspectController - CaptchaController.initCaptchaImagen() method called.
[INFO ] 2019-03-27 12:53:44.620 [http-nio-8080-exec-4] AspectController - CaptchaController.initCaptchaImagen() method called.
[INFO ] 2019-03-27 12:54:15.424 [http-nio-8080-exec-7] AspectController - ProveedorController.obtenerDireccionCorreo(..) method called.
[INFO ] 2019-03-27 14:03:04.749 [restartedMain] RnpApplication - The following profiles are active: development
[INFO ] 2019-03-27 14:04:00.143 [restartedMain] StartUpListener - > Record already exist <
[INFO ] 2019-03-27 14:04:00.412 [restartedMain] StartUpListener - INIT APPLICATION'S CLIENT ALREADY EXISTS
[INFO ] 2019-03-27 14:04:00.472 [restartedMain] RnpApplication - Started RnpApplication in 72.809 seconds (JVM running for 115.195)
[INFO ] 2019-03-27 14:07:53.041 [http-nio-8080-exec-4] AspectController - CaptchaController.initCaptchaImagen() method called.
[INFO ] 2019-03-27 14:08:13.158 [http-nio-8080-exec-6] AspectController - ProveedorController.obtenerOpciones(..) method called.
[INFO ] 2019-03-27 14:08:15.567 [http-nio-8080-exec-8] AspectController - ProveedorController.obtenerDireccionCorreo(..) method called.
[INFO ] 2019-03-27 14:09:02.278 [http-nio-8080-exec-2] AspectController - CaptchaController.initCaptchaImagen() method called.
[INFO ] 2019-03-27 14:13:34.742 [http-nio-8080-exec-6] AspectController - CaptchaController.initCaptchaImagen() method called.
[INFO ] 2019-03-27 14:14:21.022 [http-nio-8080-exec-9] AspectController - ProveedorController.obtenerOpciones(..) method called.
[INFO ] 2019-03-27 14:14:43.470 [http-nio-8080-exec-1] AspectController - ProveedorController.obtenerDireccionCorreo(..) method called.
[INFO ] 2019-03-27 14:15:27.950 [http-nio-8080-exec-2] AspectController - CaptchaController.initCaptchaImagen() method called.
[INFO ] 2019-03-27 14:15:31.544 [http-nio-8080-exec-5] AspectController - CaptchaController.initCaptchaImagen() method called.
[INFO ] 2019-03-27 14:15:51.813 [http-nio-8080-exec-7] AspectController - CaptchaController.nuevaImagenCaptcha() method called.
[INFO ] 2019-03-27 14:16:19.233 [http-nio-8080-exec-9] AspectController - ProveedorController.obtenerOpciones(..) method called.
[INFO ] 2019-03-27 14:16:19.234 [http-nio-8080-exec-9] ProveedorServiceImpl - Ruc inv치lido
[INFO ] 2019-03-27 14:16:19.277 [http-nio-8080-exec-10] AspectController - CaptchaController.nuevaImagenCaptcha() method called.
[INFO ] 2019-03-27 14:17:02.453 [http-nio-8080-exec-1] AspectController - CaptchaController.initCaptchaImagen() method called.
[INFO ] 2019-03-27 14:17:07.551 [http-nio-8080-exec-2] AspectController - CaptchaController.initCaptchaImagen() method called.
[INFO ] 2019-03-27 14:17:10.346 [http-nio-8080-exec-5] AspectController - ProveedorController.obtenerOpciones(..) method called.
[INFO ] 2019-03-27 14:17:11.971 [http-nio-8080-exec-7] AspectController - ProveedorController.obtenerDireccionCorreo(..) method called.
[INFO ] 2019-03-27 14:18:51.387 [http-nio-8080-exec-10] AspectController - CaptchaController.initCaptchaImagen() method called.
[INFO ] 2019-03-27 14:20:12.082 [http-nio-8080-exec-5] AspectController - CaptchaController.initCaptchaImagen() method called.
[INFO ] 2019-03-27 14:20:18.556 [http-nio-8080-exec-7] AspectController - ProveedorController.obtenerOpciones(..) method called.
[INFO ] 2019-03-27 14:20:20.343 [http-nio-8080-exec-9] AspectController - ProveedorController.obtenerDireccionCorreo(..) method called.
[INFO ] 2019-03-27 14:20:40.448 [http-nio-8080-exec-1] AspectController - CaptchaController.initCaptchaImagen() method called.
[INFO ] 2019-03-27 14:20:48.910 [http-nio-8080-exec-3] AspectController - ProveedorController.obtenerOpciones(..) method called.
[INFO ] 2019-03-27 14:20:50.512 [http-nio-8080-exec-5] AspectController - ProveedorController.obtenerDireccionCorreo(..) method called.
[INFO ] 2019-03-27 14:23:08.195 [http-nio-8080-exec-8] AspectController - CaptchaController.initCaptchaImagen() method called.
[INFO ] 2019-03-27 14:34:26.543 [http-nio-8080-exec-1] AspectController - CaptchaController.initCaptchaImagen() method called.
[INFO ] 2019-03-27 14:34:34.281 [http-nio-8080-exec-3] AspectController - CaptchaController.initCaptchaImagen() method called.
[INFO ] 2019-03-27 14:34:45.724 [http-nio-8080-exec-6] AspectController - CaptchaController.initCaptchaImagen() method called.
[INFO ] 2019-03-27 14:34:54.939 [http-nio-8080-exec-8] AspectController - ProveedorController.obtenerOpciones(..) method called.
[INFO ] 2019-03-27 14:34:56.990 [http-nio-8080-exec-10] AspectController - ProveedorController.obtenerDireccionCorreo(..) method called.
[INFO ] 2019-03-27 14:35:16.264 [http-nio-8080-exec-2] AspectController - ProveedorController.obtenerOpciones(..) method called.
[INFO ] 2019-03-27 14:35:19.441 [http-nio-8080-exec-4] AspectController - ProveedorController.obtenerDireccionCorreo(..) method called.
[INFO ] 2019-03-27 14:36:21.153 [http-nio-8080-exec-7] AspectController - CaptchaController.initCaptchaImagen() method called.
[INFO ] 2019-03-27 14:36:33.593 [http-nio-8080-exec-8] AspectController - CaptchaController.initCaptchaImagen() method called.
[INFO ] 2019-03-27 14:36:57.426 [http-nio-8080-exec-1] AspectController - ProveedorController.obtenerOpciones(..) method called.
[INFO ] 2019-03-27 14:37:14.155 [http-nio-8080-exec-3] AspectController - CaptchaController.nuevaImagenCaptcha() method called.
[INFO ] 2019-03-27 14:37:24.704 [http-nio-8080-exec-4] AspectController - ProveedorController.obtenerOpciones(..) method called.
[INFO ] 2019-03-27 14:37:29.110 [http-nio-8080-exec-6] AspectController - ProveedorController.obtenerDireccionCorreo(..) method called.
[INFO ] 2019-03-27 14:37:37.168 [http-nio-8080-exec-9] AspectController - ProveedorController.enviarCorreo(..) method called.
[INFO ] 2019-03-27 14:42:39.091 [http-nio-8080-exec-2] AspectController - SeguridadController.validarCodVerificacion(..) method called.
[INFO ] 2019-03-27 14:42:51.349 [http-nio-8080-exec-4] AspectController - SeguridadController.actualizarClaveProveedor(..) method called.
[INFO ] 2019-03-27 14:47:18.390 [http-nio-8080-exec-7] AspectController - CaptchaController.initCaptchaImagen() method called.
[INFO ] 2019-03-27 14:48:08.851 [http-nio-8080-exec-2] AspectController - CaptchaController.initCaptchaImagen() method called.
[INFO ] 2019-03-27 14:48:14.900 [http-nio-8080-exec-4] AspectController - ProveedorController.obtenerOpciones(..) method called.
[INFO ] 2019-03-27 14:48:17.417 [http-nio-8080-exec-6] AspectController - ProveedorController.obtenerDireccionCorreo(..) method called.
[INFO ] 2019-03-27 14:48:22.204 [http-nio-8080-exec-8] AspectController - ProveedorController.enviarCorreo(..) method called.
[INFO ] 2019-03-27 14:48:44.060 [http-nio-8080-exec-10] AspectController - SeguridadController.validarCodVerificacion(..) method called.
[INFO ] 2019-03-27 14:48:50.936 [http-nio-8080-exec-2] AspectController - SeguridadController.actualizarClaveProveedor(..) method called.
[INFO ] 2019-03-27 14:49:12.524 [http-nio-8080-exec-3] AspectController - CaptchaController.initCaptchaImagen() method called.
[INFO ] 2019-03-27 14:49:21.729 [http-nio-8080-exec-6] AspectController - ProveedorController.obtenerOpciones(..) method called.
[INFO ] 2019-03-27 14:49:24.236 [http-nio-8080-exec-8] AspectController - ProveedorController.obtenerDireccionCorreo(..) method called.
[INFO ] 2019-03-27 14:49:27.122 [http-nio-8080-exec-10] AspectController - ProveedorController.enviarCorreo(..) method called.
[INFO ] 2019-03-27 14:49:45.450 [http-nio-8080-exec-2] AspectController - SeguridadController.validarCodVerificacion(..) method called.
[INFO ] 2019-03-27 14:49:45.519 [http-nio-8080-exec-2] SeguridadServiceImpl - El c칩digo de verificaci칩n no se ha encontrado en base de datos
[INFO ] 2019-03-27 14:49:56.925 [http-nio-8080-exec-5] AspectController - SeguridadController.validarCodVerificacion(..) method called.
[INFO ] 2019-03-27 14:50:03.215 [http-nio-8080-exec-8] AspectController - SeguridadController.actualizarClaveProveedor(..) method called.
[INFO ] 2019-03-27 15:08:03.836 [http-nio-8080-exec-1] AspectController - CaptchaController.initCaptchaImagen() method called.
[INFO ] 2019-03-27 15:08:46.507 [http-nio-8080-exec-3] AspectController - CaptchaController.initCaptchaImagen() method called.
[INFO ] 2019-03-27 15:08:53.195 [http-nio-8080-exec-6] AspectController - ProveedorController.obtenerOpciones(..) method called.
[INFO ] 2019-03-27 15:08:58.608 [http-nio-8080-exec-9] AspectController - ProveedorController.obtenerDireccionCorreo(..) method called.
[INFO ] 2019-03-27 15:09:02.641 [http-nio-8080-exec-1] AspectController - ProveedorController.enviarCorreo(..) method called.
[INFO ] 2019-03-27 15:09:29.261 [http-nio-8080-exec-4] AspectController - CaptchaController.initCaptchaImagen() method called.
[INFO ] 2019-03-27 15:09:35.835 [http-nio-8080-exec-7] AspectController - ProveedorController.obtenerOpciones(..) method called.
[INFO ] 2019-03-27 15:09:41.788 [http-nio-8080-exec-3] AspectController - ProveedorController.obtenerListadoTipoDocumento() method called.
[INFO ] 2019-03-27 15:09:41.788 [http-nio-8080-exec-1] AspectController - ProveedorController.obtenerListadoPais() method called.
[INFO ] 2019-03-27 15:09:41.798 [http-nio-8080-exec-4] AspectController - ProveedorController.obtenerListadoZonaRegistral() method called.
[INFO ] 2019-03-27 15:09:41.798 [http-nio-8080-exec-5] AspectController - ProveedorController.obtenerListadoTipoCondicion() method called.
[INFO ] 2019-03-27 15:10:08.557 [http-nio-8080-exec-2] AspectController - ProveedorController.validarDatosIdentificacion(..) method called.
[INFO ] 2019-03-27 15:10:08.720 [http-nio-8080-exec-2] ProveedorServiceImpl - Los datos de identificaci칩n brindados no han encontrado ninguna coincidencia
[INFO ] 2019-03-27 15:11:39.092 [http-nio-8080-exec-1] AspectController - CaptchaController.initCaptchaImagen() method called.
[INFO ] 2019-03-27 15:11:44.641 [http-nio-8080-exec-3] AspectController - ProveedorController.obtenerOpciones(..) method called.
[INFO ] 2019-03-27 15:11:57.727 [http-nio-8080-exec-8] AspectController - CaptchaController.initCaptchaImagen() method called.
[INFO ] 2019-03-27 15:12:07.100 [http-nio-8080-exec-9] AspectController - ProveedorController.obtenerOpciones(..) method called.
[INFO ] 2019-03-27 15:12:47.822 [http-nio-8080-exec-5] AspectController - CaptchaController.initCaptchaImagen() method called.
[INFO ] 2019-03-27 15:13:10.412 [http-nio-8080-exec-1] AspectController - ProveedorController.obtenerOpciones(..) method called.
[INFO ] 2019-03-27 15:21:27.394 [http-nio-8080-exec-9] AspectController - CaptchaController.initCaptchaImagen() method called.
[INFO ] 2019-03-27 15:27:06.092 [http-nio-8080-exec-10] AspectController - CaptchaController.initCaptchaImagen() method called.
[INFO ] 2019-03-27 15:27:45.010 [http-nio-8080-exec-1] AspectController - CaptchaController.initCaptchaImagen() method called.
[INFO ] 2019-03-27 15:27:56.726 [http-nio-8080-exec-8] AspectController - ProveedorController.obtenerOpciones(..) method called.
[INFO ] 2019-03-27 15:28:25.511 [http-nio-8080-exec-7] AspectController - CaptchaController.initCaptchaImagen() method called.
[INFO ] 2019-03-27 15:28:41.523 [http-nio-8080-exec-9] AspectController - CaptchaController.initCaptchaImagen() method called.
[INFO ] 2019-03-27 15:28:49.092 [http-nio-8080-exec-6] AspectController - ProveedorController.obtenerOpciones(..) method called.
[INFO ] 2019-03-27 15:31:43.529 [http-nio-8080-exec-2] AspectController - CaptchaController.initCaptchaImagen() method called.
[INFO ] 2019-03-27 15:33:07.418 [http-nio-8080-exec-4] AspectController - CaptchaController.initCaptchaImagen() method called.
[INFO ] 2019-03-27 15:33:23.534 [http-nio-8080-exec-7] AspectController - ProveedorController.obtenerOpciones(..) method called.
[INFO ] 2019-03-27 15:36:30.434 [http-nio-8080-exec-6] AspectController - CaptchaController.initCaptchaImagen() method called.
[INFO ] 2019-03-27 15:37:04.239 [http-nio-8080-exec-10] AspectController - CaptchaController.initCaptchaImagen() method called.
[INFO ] 2019-03-27 15:37:26.310 [http-nio-8080-exec-5] AspectController - CaptchaController.initCaptchaImagen() method called.
[INFO ] 2019-03-27 15:37:32.614 [http-nio-8080-exec-1] AspectController - ProveedorController.obtenerOpciones(..) method called.
[INFO ] 2019-03-27 15:40:12.932 [http-nio-8080-exec-8] AspectController - CaptchaController.initCaptchaImagen() method called.
[INFO ] 2019-03-27 15:41:22.731 [http-nio-8080-exec-9] AspectController - CaptchaController.initCaptchaImagen() method called.
[INFO ] 2019-03-27 15:41:52.825 [http-nio-8080-exec-10] AspectController - CaptchaController.initCaptchaImagen() method called.
[INFO ] 2019-03-27 15:43:04.253 [http-nio-8080-exec-1] AspectController - CaptchaController.initCaptchaImagen() method called.
[INFO ] 2019-03-27 15:43:12.176 [http-nio-8080-exec-8] AspectController - ProveedorController.obtenerOpciones(..) method called.
[INFO ] 2019-03-27 15:43:24.089 [http-nio-8080-exec-5] AspectController - ProveedorController.obtenerListadoZonaRegistral() method called.
[INFO ] 2019-03-27 15:43:24.089 [http-nio-8080-exec-10] AspectController - ProveedorController.obtenerListadoPais() method called.
[INFO ] 2019-03-27 15:43:24.090 [http-nio-8080-exec-1] AspectController - ProveedorController.obtenerListadoTipoDocumento() method called.
[INFO ] 2019-03-27 15:43:24.142 [http-nio-8080-exec-2] AspectController - ProveedorController.obtenerListadoTipoCondicion() method called.
[INFO ] 2019-03-27 15:43:50.596 [http-nio-8080-exec-6] AspectController - ProveedorController.obtenerOpciones(..) method called.
[INFO ] 2019-03-27 15:43:57.196 [http-nio-8080-exec-8] AspectController - ProveedorController.obtenerListadoPais() method called.
[INFO ] 2019-03-27 15:43:58.419 [http-nio-8080-exec-7] AspectController - ProveedorController.obtenerListadoTipoDocumento() method called.
[INFO ] 2019-03-27 15:43:58.438 [http-nio-8080-exec-9] AspectController - ProveedorController.obtenerListadoZonaRegistral() method called.
[INFO ] 2019-03-27 15:43:58.451 [http-nio-8080-exec-4] AspectController - ProveedorController.obtenerListadoTipoCondicion() method called.
[INFO ] 2019-03-27 15:45:46.889 [http-nio-8080-exec-1] AspectController - CaptchaController.initCaptchaImagen() method called.
[INFO ] 2019-03-27 15:46:12.104 [http-nio-8080-exec-7] AspectController - ProveedorController.obtenerOpciones(..) method called.
[INFO ] 2019-03-27 15:46:27.022 [http-nio-8080-exec-9] AspectController - ProveedorController.obtenerListadoPais() method called.
[INFO ] 2019-03-27 15:46:27.252 [http-nio-8080-exec-2] AspectController - ProveedorController.obtenerListadoZonaRegistral() method called.
[INFO ] 2019-03-27 15:46:27.272 [http-nio-8080-exec-3] AspectController - ProveedorController.obtenerListadoTipoCondicion() method called.
[INFO ] 2019-03-27 15:46:27.282 [http-nio-8080-exec-6] AspectController - ProveedorController.obtenerListadoTipoDocumento() method called.
[INFO ] 2019-03-27 15:50:32.202 [http-nio-8080-exec-4] AspectController - CaptchaController.initCaptchaImagen() method called.
[INFO ] 2019-03-27 15:52:40.004 [http-nio-8080-exec-2] AspectController - CaptchaController.initCaptchaImagen() method called.
[INFO ] 2019-03-27 15:52:55.843 [http-nio-8080-exec-3] AspectController - ProveedorController.obtenerListadoPais() method called.
[INFO ] 2019-03-27 15:53:06.920 [http-nio-8080-exec-10] AspectController - CaptchaController.initCaptchaImagen() method called.
[INFO ] 2019-03-27 15:53:10.988 [http-nio-8080-exec-5] AspectController - ProveedorController.obtenerListadoPais() method called.
[INFO ] 2019-03-27 15:53:32.118 [http-nio-8080-exec-7] AspectController - ProveedorController.obtenerListadoEmpresaExtNoDom(..) method called.
[INFO ] 2019-03-27 15:56:23.342 [http-nio-8080-exec-6] AspectController - ProveedorController.obtenerListadoPais() method called.
[INFO ] 2019-03-27 15:58:54.469 [http-nio-8080-exec-8] AspectController - ProveedorController.obtenerListadoPais() method called.
[INFO ] 2019-03-27 16:00:29.397 [http-nio-8080-exec-5] AspectController - ProveedorController.obtenerListadoPais() method called.
[INFO ] 2019-03-27 16:03:01.636 [http-nio-8080-exec-4] AspectController - ProveedorController.obtenerListadoPais() method called.
[INFO ] 2019-03-27 16:26:28.035 [restartedMain] RnpApplication - The following profiles are active: development
[INFO ] 2019-03-27 16:27:03.775 [restartedMain] StartUpListener - > Record already exist <
[INFO ] 2019-03-27 16:27:03.877 [restartedMain] StartUpListener - INIT APPLICATION'S CLIENT ALREADY EXISTS
[INFO ] 2019-03-27 16:27:03.930 [restartedMain] RnpApplication - Started RnpApplication in 46.814 seconds (JVM running for 105.307)
[INFO ] 2019-03-27 16:28:11.761 [http-nio-8080-exec-2] AspectController - SeguridadController.login(..) method called.
[INFO ] 2019-03-27 16:30:01.190 [http-nio-8080-exec-5] AspectController - AuthController.loginForm(..) method called.
