[INFO ] 2018-12-03 15:03:23.962 [restartedMain] RnpApplication - The following profiles are active: development
[INFO ] 2018-12-03 15:03:46.667 [restartedMain] RnpApplication - Started RnpApplication in 27.205 seconds (JVM running for 31.106)
[INFO ] 2018-12-03 15:04:58.006 [http-nio-8080-exec-1] AspectController - AuthController.loginForm(..) method called.
[INFO ] 2018-12-03 15:04:59.210 [http-nio-8080-exec-3] AspectController - AuthController.loginForm(..) method called.
[INFO ] 2018-12-03 15:04:59.234 [http-nio-8080-exec-5] AspectController - AuthController.loginForm(..) method called.
[INFO ] 2018-12-03 15:05:06.605 [http-nio-8080-exec-8] SecurityUserServiceImpl - > USER ROLE: ROLE_SUPER_ADMIN
[INFO ] 2018-12-03 15:05:06.781 [http-nio-8080-exec-9] AspectController - AuthController.root(..) method called.
[INFO ] 2018-12-03 15:05:19.260 [http-nio-8080-exec-5] AspectController - AuthController.loginForm(..) method called.
[INFO ] 2018-12-03 15:05:19.396 [http-nio-8080-exec-7] AspectController - AuthController.loginForm(..) method called.
[INFO ] 2018-12-03 15:05:19.420 [http-nio-8080-exec-9] AspectController - AuthController.loginForm(..) method called.
[INFO ] 2018-12-03 15:05:21.459 [http-nio-8080-exec-3] AspectController - AuthController.loginForm(..) method called.
[INFO ] 2018-12-03 15:05:21.603 [http-nio-8080-exec-4] AspectController - AuthController.loginForm(..) method called.
[INFO ] 2018-12-03 15:05:21.623 [http-nio-8080-exec-6] AspectController - AuthController.loginForm(..) method called.
[INFO ] 2018-12-03 15:09:02.626 [restartedMain] RnpApplication - The following profiles are active: development
[INFO ] 2018-12-03 15:09:22.877 [restartedMain] RnpApplication - Started RnpApplication in 25.345 seconds (JVM running for 29.149)
[INFO ] 2018-12-03 15:13:05.833 [http-nio-8080-exec-5] AspectController - SoapController.obtenerBancoAleman(..) method called.
[INFO ] 2018-12-03 15:17:34.671 [http-nio-8080-exec-7] AspectController - SoapController.obtenerBancoAleman(..) method called.
[INFO ] 2018-12-03 15:20:08.752 [restartedMain] RnpApplication - The following profiles are active: development
[INFO ] 2018-12-03 15:22:14.186 [restartedMain] RnpApplication - Started RnpApplication in 142.248 seconds (JVM running for 162.406)
[INFO ] 2018-12-03 15:22:28.141 [http-nio-8080-exec-1] AspectController - SoapController.obtenerBancoAleman(..) method called.
[INFO ] 2018-12-03 15:23:30.891 [http-nio-8080-exec-4] AspectController - SoapController.obtenerBancoAleman(..) method called.
[INFO ] 2018-12-03 15:23:39.382 [http-nio-8080-exec-5] AspectController - SoapController.obtenerBancoAleman(..) method called.
[INFO ] 2018-12-03 15:30:20.307 [restartedMain] RnpApplication - The following profiles are active: development
[INFO ] 2018-12-03 15:32:18.893 [restartedMain] RnpApplication - Started RnpApplication in 151.796 seconds (JVM running for 184.561)
[INFO ] 2018-12-03 15:40:00.670 [http-nio-8080-exec-4] AspectController - SoapController.obtenerBancoAleman(..) method called.
[INFO ] 2018-12-03 15:58:35.131 [restartedMain] RnpApplication - The following profiles are active: development
[INFO ] 2018-12-03 15:59:54.636 [restartedMain] RnpApplication - Started RnpApplication in 96.982 seconds (JVM running for 174.416)
[INFO ] 2018-12-03 16:01:41.370 [http-nio-8080-exec-3] AspectController - SoapController.obtenerBancoAleman(..) method called.
[INFO ] 2018-12-03 16:02:23.340 [http-nio-8080-exec-4] AspectController - SoapController.obtenerBancoAleman(..) method called.
[INFO ] 2018-12-06 10:23:50.852 [restartedMain] RnpApplication - The following profiles are active: devazure
[INFO ] 2018-12-06 10:24:25.961 [restartedMain] RnpApplication - Started RnpApplication in 41.317 seconds (JVM running for 47.657)
[INFO ] 2018-12-06 10:24:48.303 [http-nio-8080-exec-3] AspectController - AuthController.loginForm(..) method called.
[INFO ] 2018-12-06 10:27:17.912 [http-nio-8080-exec-7] AspectController - AuthController.loginForm(..) method called.
[INFO ] 2018-12-06 10:27:21.493 [http-nio-8080-exec-9] AspectController - AuthController.loginForm(..) method called.
[INFO ] 2018-12-06 10:27:21.521 [http-nio-8080-exec-1] AspectController - AuthController.loginForm(..) method called.
[INFO ] 2018-12-06 10:27:42.126 [http-nio-8080-exec-5] SecurityUserServiceImpl - > Excepción | (?): RNP_ADMIN
[INFO ] 2018-12-06 10:27:42.342 [http-nio-8080-exec-5] AspectController - AuthController.loginForm(..) method called.
[INFO ] 2018-12-06 10:27:42.470 [http-nio-8080-exec-4] AspectController - AuthController.loginForm(..) method called.
[INFO ] 2018-12-06 10:27:42.494 [http-nio-8080-exec-8] AspectController - AuthController.loginForm(..) method called.
[INFO ] 2018-12-06 10:28:06.553 [http-nio-8080-exec-10] SecurityUserServiceImpl - > Excepción | (?): RNP_ADMIN
[INFO ] 2018-12-06 10:28:06.681 [http-nio-8080-exec-1] AspectController - AuthController.loginForm(..) method called.
[INFO ] 2018-12-06 10:28:06.777 [http-nio-8080-exec-5] AspectController - AuthController.loginForm(..) method called.
[INFO ] 2018-12-06 10:28:06.793 [http-nio-8080-exec-4] AspectController - AuthController.loginForm(..) method called.
[INFO ] 2018-12-06 10:29:39.604 [restartedMain] RnpApplication - The following profiles are active: devazure
[INFO ] 2018-12-06 10:30:17.950 [restartedMain] RnpApplication - Started RnpApplication in 44.513 seconds (JVM running for 47.779)
[INFO ] 2018-12-06 10:37:30.191 [restartedMain] RnpApplication - The following profiles are active: devazure
[INFO ] 2018-12-06 10:37:57.474 [restartedMain] RnpApplication - Started RnpApplication in 32.714 seconds (JVM running for 39.799)
[INFO ] 2018-12-06 10:45:41.972 [restartedMain] RnpApplication - The following profiles are active: devazure
[INFO ] 2018-12-06 10:46:06.254 [restartedMain] RnpApplication - Started RnpApplication in 30.367 seconds (JVM running for 34.041)
[INFO ] 2018-12-06 10:47:05.017 [restartedMain] RnpApplication - The following profiles are active: devazure
[INFO ] 2018-12-06 10:48:43.195 [restartedMain] RnpApplication - Started RnpApplication in 102.473 seconds (JVM running for 105.495)
[INFO ] 2018-12-06 10:50:06.425 [http-nio-8080-exec-1] AspectController - AuthController.loginForm(..) method called.
[INFO ] 2018-12-06 10:50:08.221 [http-nio-8080-exec-4] AspectController - AuthController.loginForm(..) method called.
[INFO ] 2018-12-06 10:50:08.249 [http-nio-8080-exec-6] AspectController - AuthController.loginForm(..) method called.
[INFO ] 2018-12-06 10:50:17.258 [http-nio-8080-exec-8] SecurityUserServiceImpl - > Excepción | (?): RNP_ADMIN
[INFO ] 2018-12-06 10:50:17.434 [http-nio-8080-exec-9] AspectController - AuthController.loginForm(..) method called.
[INFO ] 2018-12-06 10:50:17.526 [http-nio-8080-exec-2] AspectController - AuthController.loginForm(..) method called.
[INFO ] 2018-12-06 10:50:17.546 [http-nio-8080-exec-3] AspectController - AuthController.loginForm(..) method called.
[INFO ] 2018-12-06 10:53:36.651 [restartedMain] RnpApplication - The following profiles are active: devazure
[INFO ] 2018-12-06 10:54:03.767 [restartedMain] RnpApplication - Started RnpApplication in 31.807 seconds (JVM running for 37.59)
[INFO ] 2018-12-06 10:54:51.812 [http-nio-8080-exec-1] AspectController - AuthController.root(..) method called.
[INFO ] 2018-12-06 10:54:57.181 [http-nio-8080-exec-6] AspectController - AuthController.loginForm(..) method called.
[INFO ] 2018-12-06 10:54:57.357 [http-nio-8080-exec-8] AspectController - AuthController.loginForm(..) method called.
[INFO ] 2018-12-06 10:54:57.381 [http-nio-8080-exec-10] AspectController - AuthController.loginForm(..) method called.
[INFO ] 2018-12-06 10:56:44.893 [restartedMain] RnpApplication - The following profiles are active: devazure
[INFO ] 2018-12-06 10:57:09.685 [restartedMain] RnpApplication - Started RnpApplication in 30.095 seconds (JVM running for 32.564)
[INFO ] 2018-12-06 11:02:30.240 [restartedMain] RnpApplication - The following profiles are active: devazure
[INFO ] 2018-12-06 11:02:52.212 [restartedMain] RnpApplication - Started RnpApplication in 26.656 seconds (JVM running for 30.897)
[INFO ] 2018-12-06 11:05:41.672 [restartedMain] RnpApplication - The following profiles are active: devazure
[INFO ] 2018-12-06 11:07:50.721 [restartedMain] RnpApplication - The following profiles are active: devazure
[INFO ] 2018-12-06 11:14:01.880 [restartedMain] RnpApplication - The following profiles are active: devazure
[INFO ] 2018-12-06 11:15:23.326 [restartedMain] RnpApplication - The following profiles are active: devazure
[INFO ] 2018-12-06 11:16:52.153 [restartedMain] RnpApplication - The following profiles are active: devazure
[INFO ] 2018-12-06 11:18:54.454 [restartedMain] RnpApplication - The following profiles are active: devazure
[INFO ] 2018-12-06 11:19:51.737 [restartedMain] RnpApplication - The following profiles are active: devazure
[INFO ] 2018-12-06 11:21:25.143 [restartedMain] RnpApplication - Started RnpApplication in 98.303 seconds (JVM running for 101.212)
[INFO ] 2018-12-06 11:24:26.907 [restartedMain] RnpApplication - The following profiles are active: devazure
[INFO ] 2018-12-06 11:26:01.262 [restartedMain] RnpApplication - The following profiles are active: devazure
[INFO ] 2018-12-06 11:27:30.427 [restartedMain] RnpApplication - Started RnpApplication in 109.655 seconds (JVM running for 133.202)
[INFO ] 2018-12-06 11:35:31.865 [restartedMain] RnpApplication - The following profiles are active: devazure
[INFO ] 2018-12-06 11:47:55.716 [restartedMain] RnpApplication - The following profiles are active: devazure
[INFO ] 2018-12-06 13:00:45.036 [restartedMain] RnpApplication - The following profiles are active: devazure
[INFO ] 2018-12-06 13:04:41.790 [restartedMain] RnpApplication - The following profiles are active: devazure
[INFO ] 2018-12-06 13:06:42.368 [restartedMain] RnpApplication - Started RnpApplication in 125.675 seconds (JVM running for 127.601)
[INFO ] 2018-12-06 13:11:43.567 [restartedMain] RnpApplication - The following profiles are active: devazure
[INFO ] 2018-12-06 13:13:33.664 [restartedMain] RnpApplication - Started RnpApplication in 117.58 seconds (JVM running for 122.113)
[INFO ] 2018-12-06 13:15:15.448 [restartedMain] RnpApplication - The following profiles are active: devazure
[INFO ] 2018-12-06 13:18:21.748 [restartedMain] RnpApplication - The following profiles are active: devazure
[INFO ] 2018-12-06 13:24:53.975 [restartedMain] RnpApplication - The following profiles are active: devazure
[INFO ] 2018-12-06 13:33:14.779 [restartedMain] RnpApplication - The following profiles are active: devazure
[INFO ] 2018-12-06 13:35:06.514 [restartedMain] RnpApplication - The following profiles are active: devazure
[INFO ] 2018-12-06 13:38:57.422 [restartedMain] RnpApplication - The following profiles are active: devazure
[INFO ] 2018-12-06 13:40:07.729 [restartedMain] RnpApplication - Started RnpApplication in 74.832 seconds (JVM running for 77.371)
[INFO ] 2018-12-06 13:59:04.719 [restartedMain] RnpApplication - The following profiles are active: devazure
[INFO ] 2018-12-06 14:00:00.853 [restartedMain] RnpApplication - Started RnpApplication in 61.582 seconds (JVM running for 63.841)
[INFO ] 2018-12-06 14:02:14.731 [restartedMain] RnpApplication - The following profiles are active: devazure
[INFO ] 2018-12-06 14:08:02.227 [restartedMain] RnpApplication - The following profiles are active: devazure
[INFO ] 2018-12-06 14:09:28.282 [restartedMain] RnpApplication - The following profiles are active: devazure
[INFO ] 2018-12-06 14:10:24.643 [restartedMain] RnpApplication - Started RnpApplication in 61.526 seconds (JVM running for 64.45)
[INFO ] 2018-12-06 14:11:26.750 [http-nio-8080-exec-3] AspectController - AuthController.loginForm(..) method called.
[INFO ] 2018-12-06 14:11:48.658 [restartedMain] RnpApplication - The following profiles are active: devazure
[INFO ] 2018-12-06 14:18:46.579 [restartedMain] RnpApplication - The following profiles are active: devazure
[INFO ] 2018-12-06 14:25:24.342 [restartedMain] RnpApplication - The following profiles are active: devazure
[INFO ] 2018-12-06 14:26:41.059 [restartedMain] RnpApplication - Started RnpApplication in 82.838 seconds (JVM running for 85.168)
[INFO ] 2018-12-06 14:33:21.261 [restartedMain] RnpApplication - The following profiles are active: devazure
[INFO ] 2018-12-06 14:34:33.804 [restartedMain] RnpApplication - Started RnpApplication in 77.268 seconds (JVM running for 80.856)
[INFO ] 2018-12-06 14:34:54.135 [restartedMain] RnpApplication - The following profiles are active: devazure
[INFO ] 2018-12-06 14:36:15.808 [restartedMain] RnpApplication - The following profiles are active: devazure
[INFO ] 2018-12-06 14:37:31.810 [restartedMain] RnpApplication - Started RnpApplication in 80.444 seconds (JVM running for 83.546)
[INFO ] 2018-12-06 14:39:35.074 [restartedMain] RnpApplication - The following profiles are active: devazure
[INFO ] 2018-12-06 14:40:45.889 [restartedMain] RnpApplication - Started RnpApplication in 75.168 seconds (JVM running for 78.044)
[INFO ] 2018-12-06 14:41:05.680 [restartedMain] RnpApplication - The following profiles are active: devazure
[INFO ] 2018-12-06 14:41:29.078 [restartedMain] RnpApplication - Started RnpApplication in 27.914 seconds (JVM running for 30.965)
[INFO ] 2018-12-06 14:42:42.581 [restartedMain] RnpApplication - The following profiles are active: devazure
[INFO ] 2018-12-06 14:43:06.484 [restartedMain] RnpApplication - Started RnpApplication in 28.482 seconds (JVM running for 31.362)
[INFO ] 2018-12-06 14:48:22.826 [restartedMain] RnpApplication - The following profiles are active: devazure
[INFO ] 2018-12-06 14:48:47.923 [restartedMain] RnpApplication - Started RnpApplication in 29.708 seconds (JVM running for 32.452)
[INFO ] 2018-12-06 14:51:07.452 [http-nio-8080-exec-2] AspectController - AuthController.loginForm(..) method called.
[INFO ] 2018-12-06 14:54:16.424 [restartedMain] RnpApplication - The following profiles are active: devazure
[INFO ] 2018-12-06 14:55:25.847 [restartedMain] RnpApplication - Started RnpApplication in 74.141 seconds (JVM running for 85.278)
[INFO ] 2018-12-06 14:57:22.933 [restartedMain] RnpApplication - The following profiles are active: devazure
[INFO ] 2018-12-06 14:59:34.236 [restartedMain] RnpApplication - The following profiles are active: devazure
[INFO ] 2018-12-06 15:00:39.686 [restartedMain] RnpApplication - Started RnpApplication in 70.226 seconds (JVM running for 72.786)
[INFO ] 2018-12-06 15:02:13.995 [restartedMain] RnpApplication - The following profiles are active: devazure
[INFO ] 2018-12-06 15:03:21.285 [restartedMain] RnpApplication - Started RnpApplication in 71.947 seconds (JVM running for 74.711)
[INFO ] 2018-12-06 15:04:15.882 [restartedMain] RnpApplication - The following profiles are active: devazure
[INFO ] 2018-12-06 15:16:43.488 [restartedMain] RnpApplication - The following profiles are active: devazure
[INFO ] 2018-12-06 15:17:42.205 [restartedMain] RnpApplication - Started RnpApplication in 63.129 seconds (JVM running for 66.018)
[INFO ] 2018-12-06 15:22:53.459 [restartedMain] RnpApplication - The following profiles are active: devazure
[INFO ] 2018-12-06 15:24:14.818 [restartedMain] RnpApplication - Started RnpApplication in 89.579 seconds (JVM running for 96.663)
[INFO ] 2018-12-06 15:24:28.972 [http-nio-8080-exec-2] AspectController - AuthController.loginForm(..) method called.
[INFO ] 2018-12-06 15:24:30.565 [http-nio-8080-exec-1] AspectController - AuthController.loginForm(..) method called.
[INFO ] 2018-12-06 15:24:30.580 [http-nio-8080-exec-5] AspectController - AuthController.loginForm(..) method called.
[INFO ] 2018-12-06 15:25:13.878 [http-nio-8080-exec-8] AspectController - AuthController.root(..) method called.
[INFO ] 2018-12-06 15:25:27.121 [http-nio-8080-exec-2] AspectController - AuthController.loginForm(..) method called.
[INFO ] 2018-12-06 15:25:27.261 [http-nio-8080-exec-1] AspectController - AuthController.loginForm(..) method called.
[INFO ] 2018-12-06 15:25:27.284 [http-nio-8080-exec-5] AspectController - AuthController.loginForm(..) method called.
[INFO ] 2018-12-06 15:26:09.238 [restartedMain] RnpApplication - The following profiles are active: devazure
[INFO ] 2018-12-06 15:26:35.952 [restartedMain] RnpApplication - Started RnpApplication in 31.743 seconds (JVM running for 34.211)
